npm ERR! code ERESOLVE
npm ERR! ERESOLVE unable to resolve dependency tree
npm ERR! 
npm ERR! While resolving: enatega@0.1.0
npm ERR! Found: react@17.0.2
npm ERR! node_modules/react
npm ERR!   react@"^17.0.2" from the root project
npm ERR! 
npm ERR! Could not resolve dependency:
npm ERR! peer react@"^18.2.0 || 19.0.0-rc-de68d2f4-20241204 || ^19.0.0" from next@15.3.3
npm ERR! node_modules/next
npm ERR!   peer next@"^13.2.0 || ^14.0 || ^15.0.0-rc.0" from @sentry/nextjs@9.24.0
npm ERR!   node_modules/@sentry/nextjs
npm ERR!     @sentry/nextjs@"9.24.0" from the root project
npm ERR! 
npm ERR! Fix the upstream dependency conflict, or retry
npm ERR! this command with --force or --legacy-peer-deps
npm ERR! to accept an incorrect (and potentially broken) dependency resolution.
npm ERR! 
npm ERR! 
npm ERR! For a full report see:
npm ERR! /Users/ninjascode/.npm/_logs/2025-06-02T11_59_55_836Z-eresolve-report.txt

npm ERR! A complete log of this run can be found in: /Users/ninjascode/.npm/_logs/2025-06-02T11_59_55_836Z-debug-0.log
